<?xml version="1.0" encoding="UTF-8"?>
<!-- Generated by org.testng.reporters.JUnitXMLReporter -->
<testsuite ignored="0" hostname="HPLaptop" failures="0" tests="5" name="Test" time="8.875" errors="0" timestamp="2024-10-28T18:07:12 IST">
  <testcase classname="providerTestCases.Authentication_0_Test" name="auth0_GetURLValidTest" time="3.327"/>
  <testcase classname="providerTestCases.Authentication_0_Test" name="auth0_AuthenticationValidTest" time="0.971"/>
  <testcase classname="providerTestCases.Repeated_Authentication_1_Test" name="repeat_Auth_getURLValidTest" time="0.948"/>
  <testcase classname="providerTestCases.Repeated_Authentication_1_Test" name="repeat_Auth_AuthenticationValidTest" time="1.119"/>
  <testcase classname="providerTestCases.Debit_2_Test" name="debitValidTest" time="0.975"/>
</testsuite> <!-- Test -->
