<?xml version="1.0" encoding="UTF-8"?>
<!-- Generated by org.testng.reporters.JUnitXMLReporter -->
<testsuite ignored="0" hostname="HPLaptop" failures="0" tests="2" name="Default test" time="6.454" errors="0" timestamp="2024-10-29T14:26:37 IST">
  <testcase classname="providerTestCases.Authentication_0_Test" name="auth0_GetURLValidTest" time="4.046"/>
  <testcase classname="providerTestCases.Authentication_0_Test" name="auth0_AuthenticationValidTest" time="1.319"/>
</testsuite> <!-- Default test -->
