<?xml version="1.0" encoding="UTF-8"?>
<!-- Generated by org.testng.reporters.JUnitXMLReporter -->
<testsuite ignored="0" hostname="HPLaptop" failures="0" tests="11" name="Default test" time="43.947" errors="0" timestamp="2024-11-12T14:53:40 IST">
  <testcase classname="ezugi_api_Test.GetUrlAPITest" name="getURLAPIMissingParametersTest" time="16.307"/>
  <testcase classname="ezugi_api_Test.GetUrlAPITest" name="getURLInvalidOperatorIdTest" time="3.084"/>
  <testcase classname="ezugi_api_Test.GetUrlAPITest" name="getURLInvalidOperatorIdTest" time="2.609"/>
  <testcase classname="ezugi_api_Test.GetUrlAPITest" name="getURLInvalidOperatorIdTest" time="2.576"/>
  <testcase classname="ezugi_api_Test.GetUrlAPITest" name="getURLInvalidPlayerIdTest" time="1.515"/>
  <testcase classname="ezugi_api_Test.GetUrlAPITest" name="getURLInvalidPlayerIdTest" time="1.976"/>
  <testcase classname="ezugi_api_Test.GetUrlAPITest" name="getURLInvalidPlayerIdTest" time="2.619"/>
  <testcase classname="ezugi_api_Test.GetUrlAPITest" name="getURLInvalidTokenTest" time="1.86"/>
  <testcase classname="ezugi_api_Test.GetUrlAPITest" name="getURLInvalidTokenTest" time="1.242"/>
  <testcase classname="ezugi_api_Test.GetUrlAPITest" name="getURLInvalidTokenTest" time="2.406"/>
  <testcase classname="ezugi_api_Test.GetUrlAPITest" name="getURLValidTest" time="3.285"/>
</testsuite> <!-- Default test -->
