<?xml version="1.0" encoding="UTF-8"?>
<testng-results ignored="0" total="22" passed="22" failed="0" skipped="0">
  <reporter-output>
  </reporter-output>
  <suite started-at="2024-10-28T19:17:26 IST" name="Suite" finished-at="2024-10-28T19:18:05 IST" duration-ms="38752">
    <groups>
    </groups>
    <test started-at="2024-10-28T19:17:26 IST" name="Test" finished-at="2024-10-28T19:18:05 IST" duration-ms="38752">
      <class name="providerTestCases.Debit_After_Rollback_7_Test">
        <test-method is-config="true" signature="variables()[pri:0, instance:providerTestCases.Debit_After_Rollback_7_Test@21be3395]" started-at="2024-10-28T19:17:55 IST" name="variables" finished-at="2024-10-28T19:17:55 IST" duration-ms="84" status="PASS">
          <reporter-output>
          </reporter-output>
        </test-method> <!-- variables -->
        <test-method signature="Debit_After_Rollback_7_RollbackTest()[pri:0, instance:providerTestCases.Debit_After_Rollback_7_Test@21be3395]" started-at="2024-10-28T19:17:55 IST" name="Debit_After_Rollback_7_RollbackTest" finished-at="2024-10-28T19:17:56 IST" duration-ms="868" status="PASS">
          <reporter-output>
          </reporter-output>
        </test-method> <!-- Debit_After_Rollback_7_RollbackTest -->
        <test-method is-config="true" signature="variables()[pri:0, instance:providerTestCases.Debit_After_Rollback_7_Test@21be3395]" started-at="2024-10-28T19:17:56 IST" name="variables" finished-at="2024-10-28T19:17:56 IST" duration-ms="84" status="PASS">
          <reporter-output>
          </reporter-output>
        </test-method> <!-- variables -->
        <test-method signature="Debit_After_Rollback_7_DebitValidTest()[pri:0, instance:providerTestCases.Debit_After_Rollback_7_Test@21be3395]" started-at="2024-10-28T19:17:56 IST" name="Debit_After_Rollback_7_DebitValidTest" finished-at="2024-10-28T19:17:57 IST" depends-on-methods="providerTestCases.Debit_After_Rollback_7_Test.Debit_After_Rollback_7_RollbackTest" duration-ms="899" status="PASS">
          <reporter-output>
          </reporter-output>
        </test-method> <!-- Debit_After_Rollback_7_DebitValidTest -->
      </class> <!-- providerTestCases.Debit_After_Rollback_7_Test -->
      <class name="providerTestCases.Retry_For_Rollback_5_Test">
        <test-method is-config="true" signature="variables()[pri:0, instance:providerTestCases.Retry_For_Rollback_5_Test@5be1d0a4]" started-at="2024-10-28T19:17:49 IST" name="variables" finished-at="2024-10-28T19:17:49 IST" duration-ms="99" status="PASS">
          <reporter-output>
          </reporter-output>
        </test-method> <!-- variables -->
        <test-method signature="Retry_For_Rollback_5_DebitValidTest()[pri:0, instance:providerTestCases.Retry_For_Rollback_5_Test@5be1d0a4]" started-at="2024-10-28T19:17:49 IST" name="Retry_For_Rollback_5_DebitValidTest" finished-at="2024-10-28T19:17:52 IST" duration-ms="3578" status="PASS">
          <reporter-output>
          </reporter-output>
        </test-method> <!-- Retry_For_Rollback_5_DebitValidTest -->
        <test-method is-config="true" signature="variables()[pri:0, instance:providerTestCases.Retry_For_Rollback_5_Test@5be1d0a4]" started-at="2024-10-28T19:17:52 IST" name="variables" finished-at="2024-10-28T19:17:52 IST" duration-ms="91" status="PASS">
          <reporter-output>
          </reporter-output>
        </test-method> <!-- variables -->
        <test-method signature="Retry_For_Rollback_5_RollbackTest()[pri:0, instance:providerTestCases.Retry_For_Rollback_5_Test@5be1d0a4]" started-at="2024-10-28T19:17:52 IST" name="Retry_For_Rollback_5_RollbackTest" finished-at="2024-10-28T19:17:54 IST" depends-on-methods="providerTestCases.Retry_For_Rollback_5_Test.Retry_For_Rollback_5_DebitValidTest" duration-ms="1958" status="PASS">
          <reporter-output>
          </reporter-output>
        </test-method> <!-- Retry_For_Rollback_5_RollbackTest -->
      </class> <!-- providerTestCases.Retry_For_Rollback_5_Test -->
      <class name="providerTestCases.Retry_For_Credit_9_Test">
        <test-method is-config="true" signature="variables()[pri:0, instance:providerTestCases.Retry_For_Credit_9_Test@15d49048]" started-at="2024-10-28T19:18:00 IST" name="variables" finished-at="2024-10-28T19:18:00 IST" duration-ms="100" status="PASS">
          <reporter-output>
          </reporter-output>
        </test-method> <!-- variables -->
        <test-method signature="Retry_For_Credit_9_CreditValidTest()[pri:0, instance:providerTestCases.Retry_For_Credit_9_Test@15d49048]" started-at="2024-10-28T19:18:00 IST" name="Retry_For_Credit_9_CreditValidTest" finished-at="2024-10-28T19:18:01 IST" duration-ms="901" status="PASS">
          <reporter-output>
          </reporter-output>
        </test-method> <!-- Retry_For_Credit_9_CreditValidTest -->
        <test-method is-config="true" signature="variables()[pri:0, instance:providerTestCases.Retry_For_Credit_9_Test@15d49048]" started-at="2024-10-28T19:18:01 IST" name="variables" finished-at="2024-10-28T19:18:01 IST" duration-ms="76" status="PASS">
          <reporter-output>
          </reporter-output>
        </test-method> <!-- variables -->
        <test-method signature="Retry_For_Credit_9_CreditValidTest()[pri:0, instance:providerTestCases.Retry_For_Credit_9_Test@15d49048]" started-at="2024-10-28T19:18:01 IST" name="Retry_For_Credit_9_CreditValidTest" finished-at="2024-10-28T19:18:02 IST" duration-ms="852" status="PASS">
          <reporter-output>
          </reporter-output>
        </test-method> <!-- Retry_For_Credit_9_CreditValidTest -->
        <test-method is-config="true" signature="variables()[pri:0, instance:providerTestCases.Retry_For_Credit_9_Test@15d49048]" started-at="2024-10-28T19:18:02 IST" name="variables" finished-at="2024-10-28T19:18:02 IST" duration-ms="83" status="PASS">
          <reporter-output>
          </reporter-output>
        </test-method> <!-- variables -->
        <test-method signature="Retry_For_Credit_9_DebitValidTest()[pri:1, instance:providerTestCases.Retry_For_Credit_9_Test@15d49048]" started-at="2024-10-28T19:18:02 IST" name="Retry_For_Credit_9_DebitValidTest" finished-at="2024-10-28T19:18:03 IST" duration-ms="1124" status="PASS">
          <reporter-output>
          </reporter-output>
        </test-method> <!-- Retry_For_Credit_9_DebitValidTest -->
      </class> <!-- providerTestCases.Retry_For_Credit_9_Test -->
      <class name="providerTestCases.Credit_8_Test">
        <test-method is-config="true" signature="variables()[pri:0, instance:providerTestCases.Credit_8_Test@147e2ae7]" started-at="2024-10-28T19:17:57 IST" name="variables" finished-at="2024-10-28T19:17:57 IST" duration-ms="91" status="PASS">
          <reporter-output>
          </reporter-output>
        </test-method> <!-- variables -->
        <test-method signature="Credit_8_CreditValidTest()[pri:0, instance:providerTestCases.Credit_8_Test@147e2ae7]" started-at="2024-10-28T19:17:57 IST" name="Credit_8_CreditValidTest" finished-at="2024-10-28T19:17:58 IST" duration-ms="963" status="PASS">
          <reporter-output>
          </reporter-output>
        </test-method> <!-- Credit_8_CreditValidTest -->
        <test-method is-config="true" signature="variables()[pri:0, instance:providerTestCases.Credit_8_Test@147e2ae7]" started-at="2024-10-28T19:17:58 IST" name="variables" finished-at="2024-10-28T19:17:58 IST" duration-ms="83" status="PASS">
          <reporter-output>
          </reporter-output>
        </test-method> <!-- variables -->
        <test-method signature="Credit_8_DebitValidTest()[pri:1, instance:providerTestCases.Credit_8_Test@147e2ae7]" started-at="2024-10-28T19:17:58 IST" name="Credit_8_DebitValidTest" finished-at="2024-10-28T19:18:00 IST" duration-ms="1351" status="PASS">
          <reporter-output>
          </reporter-output>
        </test-method> <!-- Credit_8_DebitValidTest -->
      </class> <!-- providerTestCases.Credit_8_Test -->
      <class name="providerTestCases.Credit_With_Amount_Zero_10_Test">
        <test-method is-config="true" signature="variables()[pri:0, instance:providerTestCases.Credit_With_Amount_Zero_10_Test@13526e59]" started-at="2024-10-28T19:18:03 IST" name="variables" finished-at="2024-10-28T19:18:03 IST" duration-ms="70" status="PASS">
          <reporter-output>
          </reporter-output>
        </test-method> <!-- variables -->
        <test-method signature="Credit_With_Amount_Zero_10_CreditValidTest()[pri:0, instance:providerTestCases.Credit_With_Amount_Zero_10_Test@13526e59]" started-at="2024-10-28T19:18:03 IST" name="Credit_With_Amount_Zero_10_CreditValidTest" finished-at="2024-10-28T19:18:04 IST" duration-ms="741" status="PASS">
          <reporter-output>
          </reporter-output>
        </test-method> <!-- Credit_With_Amount_Zero_10_CreditValidTest -->
        <test-method is-config="true" signature="variables()[pri:0, instance:providerTestCases.Credit_With_Amount_Zero_10_Test@13526e59]" started-at="2024-10-28T19:18:04 IST" name="variables" finished-at="2024-10-28T19:18:04 IST" duration-ms="81" status="PASS">
          <reporter-output>
          </reporter-output>
        </test-method> <!-- variables -->
        <test-method signature="Credit_With_Amount_Zero_10_DebitValidTest()[pri:1, instance:providerTestCases.Credit_With_Amount_Zero_10_Test@13526e59]" started-at="2024-10-28T19:18:04 IST" name="Credit_With_Amount_Zero_10_DebitValidTest" finished-at="2024-10-28T19:18:05 IST" duration-ms="1097" status="PASS">
          <reporter-output>
          </reporter-output>
        </test-method> <!-- Credit_With_Amount_Zero_10_DebitValidTest -->
      </class> <!-- providerTestCases.Credit_With_Amount_Zero_10_Test -->
      <class name="providerTestCases.Rollback_4_Test">
        <test-method is-config="true" signature="variables()[pri:0, instance:providerTestCases.Rollback_4_Test@5e3f861]" started-at="2024-10-28T19:17:45 IST" name="variables" finished-at="2024-10-28T19:17:45 IST" duration-ms="99" status="PASS">
          <reporter-output>
          </reporter-output>
        </test-method> <!-- variables -->
        <test-method signature="rollback_4_DebitValidTest()[pri:0, instance:providerTestCases.Rollback_4_Test@5e3f861]" started-at="2024-10-28T19:17:45 IST" name="rollback_4_DebitValidTest" finished-at="2024-10-28T19:17:46 IST" duration-ms="1149" status="PASS">
          <reporter-output>
          </reporter-output>
        </test-method> <!-- rollback_4_DebitValidTest -->
        <test-method is-config="true" signature="variables()[pri:0, instance:providerTestCases.Rollback_4_Test@5e3f861]" started-at="2024-10-28T19:17:46 IST" name="variables" finished-at="2024-10-28T19:17:46 IST" duration-ms="116" status="PASS">
          <reporter-output>
          </reporter-output>
        </test-method> <!-- variables -->
        <test-method signature="rollback_4_RollbackTest()[pri:0, instance:providerTestCases.Rollback_4_Test@5e3f861]" started-at="2024-10-28T19:17:46 IST" name="rollback_4_RollbackTest" finished-at="2024-10-28T19:17:49 IST" depends-on-methods="providerTestCases.Rollback_4_Test.rollback_4_DebitValidTest" duration-ms="2227" status="PASS">
          <reporter-output>
          </reporter-output>
        </test-method> <!-- rollback_4_RollbackTest -->
      </class> <!-- providerTestCases.Rollback_4_Test -->
      <class name="providerTestCases.Authentication_0_Test">
        <test-method is-config="true" signature="variables()[pri:0, instance:providerTestCases.Authentication_0_Test@2657d4dd]" started-at="2024-10-28T19:17:26 IST" name="variables" finished-at="2024-10-28T19:17:27 IST" duration-ms="1067" status="PASS">
          <reporter-output>
          </reporter-output>
        </test-method> <!-- variables -->
        <test-method signature="auth0_GetURLValidTest()[pri:0, instance:providerTestCases.Authentication_0_Test@2657d4dd]" started-at="2024-10-28T19:17:27 IST" name="auth0_GetURLValidTest" finished-at="2024-10-28T19:17:32 IST" duration-ms="4566" status="PASS">
          <reporter-output>
          </reporter-output>
        </test-method> <!-- auth0_GetURLValidTest -->
        <test-method is-config="true" signature="variables()[pri:0, instance:providerTestCases.Authentication_0_Test@2657d4dd]" started-at="2024-10-28T19:17:32 IST" name="variables" finished-at="2024-10-28T19:17:32 IST" duration-ms="220" status="PASS">
          <reporter-output>
          </reporter-output>
        </test-method> <!-- variables -->
        <test-method signature="auth0_AuthenticationValidTest()[pri:0, instance:providerTestCases.Authentication_0_Test@2657d4dd]" started-at="2024-10-28T19:17:32 IST" name="auth0_AuthenticationValidTest" finished-at="2024-10-28T19:17:33 IST" depends-on-methods="providerTestCases.Authentication_0_Test.auth0_GetURLValidTest" duration-ms="996" status="PASS">
          <reporter-output>
          </reporter-output>
        </test-method> <!-- auth0_AuthenticationValidTest -->
      </class> <!-- providerTestCases.Authentication_0_Test -->
      <class name="providerTestCases.Rollback_Before_Debit_6_Test">
        <test-method is-config="true" signature="variables()[pri:0, instance:providerTestCases.Rollback_Before_Debit_6_Test@311bf055]" started-at="2024-10-28T19:17:54 IST" name="variables" finished-at="2024-10-28T19:17:54 IST" duration-ms="125" status="PASS">
          <reporter-output>
          </reporter-output>
        </test-method> <!-- variables -->
        <test-method signature="Rollback_Before_Debit_6_RollbackTest()[pri:0, instance:providerTestCases.Rollback_Before_Debit_6_Test@311bf055]" started-at="2024-10-28T19:17:54 IST" name="Rollback_Before_Debit_6_RollbackTest" finished-at="2024-10-28T19:17:55 IST" depends-on-methods="Retry_For_Rollback_5_DebitValidTest" duration-ms="874" status="PASS">
          <reporter-output>
          </reporter-output>
        </test-method> <!-- Rollback_Before_Debit_6_RollbackTest -->
      </class> <!-- providerTestCases.Rollback_Before_Debit_6_Test -->
      <class name="providerTestCases.Retry_For_Debit_3_Test">
        <test-method is-config="true" signature="variables()[pri:0, instance:providerTestCases.Retry_For_Debit_3_Test@565f390]" started-at="2024-10-28T19:17:42 IST" name="variables" finished-at="2024-10-28T19:17:42 IST" duration-ms="127" status="PASS">
          <reporter-output>
          </reporter-output>
        </test-method> <!-- variables -->
        <test-method signature="retry_For_Debit_3_debitValidTest()[pri:0, instance:providerTestCases.Retry_For_Debit_3_Test@565f390]" started-at="2024-10-28T19:17:42 IST" name="retry_For_Debit_3_debitValidTest" finished-at="2024-10-28T19:17:44 IST" duration-ms="1519" status="PASS">
          <reporter-output>
          </reporter-output>
        </test-method> <!-- retry_For_Debit_3_debitValidTest -->
        <test-method is-config="true" signature="variables()[pri:0, instance:providerTestCases.Retry_For_Debit_3_Test@565f390]" started-at="2024-10-28T19:17:44 IST" name="variables" finished-at="2024-10-28T19:17:44 IST" duration-ms="110" status="PASS">
          <reporter-output>
          </reporter-output>
        </test-method> <!-- variables -->
        <test-method signature="retry_For_Debit_3_debitValidTest()[pri:0, instance:providerTestCases.Retry_For_Debit_3_Test@565f390]" started-at="2024-10-28T19:17:44 IST" name="retry_For_Debit_3_debitValidTest" finished-at="2024-10-28T19:17:45 IST" duration-ms="971" status="PASS">
          <reporter-output>
          </reporter-output>
        </test-method> <!-- retry_For_Debit_3_debitValidTest -->
      </class> <!-- providerTestCases.Retry_For_Debit_3_Test -->
      <class name="providerTestCases.Debit_2_Test">
        <test-method is-config="true" signature="variables()[pri:0, instance:providerTestCases.Debit_2_Test@9816741]" started-at="2024-10-28T19:17:36 IST" name="variables" finished-at="2024-10-28T19:17:36 IST" duration-ms="124" status="PASS">
          <reporter-output>
          </reporter-output>
        </test-method> <!-- variables -->
        <test-method signature="debit_2_DebitValidTest()[pri:1, instance:providerTestCases.Debit_2_Test@9816741]" started-at="2024-10-28T19:17:36 IST" name="debit_2_DebitValidTest" finished-at="2024-10-28T19:17:42 IST" duration-ms="5702" status="PASS">
          <reporter-output>
          </reporter-output>
        </test-method> <!-- debit_2_DebitValidTest -->
      </class> <!-- providerTestCases.Debit_2_Test -->
      <class name="providerTestCases.Repeated_Authentication_1_Test">
        <test-method is-config="true" signature="variables()[pri:0, instance:providerTestCases.Repeated_Authentication_1_Test@29f7cefd]" started-at="2024-10-28T19:17:33 IST" name="variables" finished-at="2024-10-28T19:17:33 IST" duration-ms="176" status="PASS">
          <reporter-output>
          </reporter-output>
        </test-method> <!-- variables -->
        <test-method signature="repeat_Auth_1_getURLValidTest()[pri:0, instance:providerTestCases.Repeated_Authentication_1_Test@29f7cefd]" started-at="2024-10-28T19:17:33 IST" name="repeat_Auth_1_getURLValidTest" finished-at="2024-10-28T19:17:34 IST" duration-ms="1039" status="PASS">
          <reporter-output>
          </reporter-output>
        </test-method> <!-- repeat_Auth_1_getURLValidTest -->
        <test-method is-config="true" signature="variables()[pri:0, instance:providerTestCases.Repeated_Authentication_1_Test@29f7cefd]" started-at="2024-10-28T19:17:34 IST" name="variables" finished-at="2024-10-28T19:17:34 IST" duration-ms="144" status="PASS">
          <reporter-output>
          </reporter-output>
        </test-method> <!-- variables -->
        <test-method signature="repeat_Auth_1_AuthenticationValidTest()[pri:0, instance:providerTestCases.Repeated_Authentication_1_Test@29f7cefd]" started-at="2024-10-28T19:17:34 IST" name="repeat_Auth_1_AuthenticationValidTest" finished-at="2024-10-28T19:17:35 IST" depends-on-methods="providerTestCases.Repeated_Authentication_1_Test.repeat_Auth_1_getURLValidTest" duration-ms="1138" status="PASS">
          <reporter-output>
          </reporter-output>
        </test-method> <!-- repeat_Auth_1_AuthenticationValidTest -->
        <test-method is-config="true" signature="variables()[pri:0, instance:providerTestCases.Repeated_Authentication_1_Test@29f7cefd]" started-at="2024-10-28T19:17:35 IST" name="variables" finished-at="2024-10-28T19:17:36 IST" duration-ms="126" status="PASS">
          <reporter-output>
          </reporter-output>
        </test-method> <!-- variables -->
        <test-method signature="repeat_Auth_1_AuthenticationValidTest()[pri:0, instance:providerTestCases.Repeated_Authentication_1_Test@29f7cefd]" started-at="2024-10-28T19:17:36 IST" name="repeat_Auth_1_AuthenticationValidTest" finished-at="2024-10-28T19:17:36 IST" depends-on-methods="providerTestCases.Repeated_Authentication_1_Test.repeat_Auth_1_getURLValidTest" duration-ms="769" status="PASS">
          <reporter-output>
          </reporter-output>
        </test-method> <!-- repeat_Auth_1_AuthenticationValidTest -->
      </class> <!-- providerTestCases.Repeated_Authentication_1_Test -->
    </test> <!-- Test -->
  </suite> <!-- Suite -->
</testng-results>
